<?xml version="1.0" encoding="UTF-8"?>
<!-- Generated by org.testng.reporters.JUnitReportReporter -->
<testsuite skipped="0" hostname="gove" name="com.model.MercuryTours" tests="2" failures="0" timestamp="12 Aug 2020 12:39:35 GMT" time="9.876" errors="0">
  <testcase name="login" time="4.672" classname="com.model.MercuryTours"/>
  <testcase name="login" time="5.204" classname="com.model.MercuryTours"/>
</testsuite> <!-- com.model.MercuryTours -->
