<?xml version="1.0" encoding="UTF-8"?>
<!-- Generated by org.testng.reporters.JUnitReportReporter -->
<testsuite skipped="0" hostname="DESKTOP-I2A3Q0S" name="com.model.DataProviderMercury" tests="2" failures="0" timestamp="03 Mar 2020 05:02:50 GMT" time="10.673" errors="0">
  <testcase name="registerpage" time="6.324" classname="com.model.DataProviderMercury"/>
  <testcase name="registerpage" time="4.349" classname="com.model.DataProviderMercury"/>
</testsuite> <!-- com.model.DataProviderMercury -->
